[debug] [2025-05-21T16:28:48.066Z] ----------------------------------------------------------------------
[debug] [2025-05-21T16:28:48.069Z] Command:       C:\Program Files\nodejs\node.exe C:\Users\ederc\AppData\Roaming\npm\node_modules\firebase-tools\lib\bin\firebase.js init
[debug] [2025-05-21T16:28:48.069Z] CLI Version:   14.4.0
[debug] [2025-05-21T16:28:48.069Z] Platform:      win32
[debug] [2025-05-21T16:28:48.069Z] Node Version:  v20.10.0
[debug] [2025-05-21T16:28:48.069Z] Time:          Wed May 21 2025 11:28:48 GMT-0500 (hora estándar de Colombia)
[debug] [2025-05-21T16:28:48.069Z] ----------------------------------------------------------------------
[debug] 
[debug] [2025-05-21T16:28:48.075Z] > command requires scopes: ["email","openid","https://www.googleapis.com/auth/cloudplatformprojects.readonly","https://www.googleapis.com/auth/firebase","https://www.googleapis.com/auth/cloud-platform"]
[debug] [2025-05-21T16:28:48.075Z] > authorizing via signed-in user (edercortez10@gmail.com)
[info] 
     ######## #### ########  ######## ########     ###     ######  ########
     ##        ##  ##     ## ##       ##     ##  ##   ##  ##       ##
     ######    ##  ########  ######   ########  #########  ######  ######
     ##        ##  ##    ##  ##       ##     ## ##     ##       ## ##
     ##       #### ##     ## ######## ########  ##     ##  ######  ########

You're about to initialize a Firebase project in this directory:

  C:\Users\ederc\Music\emprendimiento\divideYa

[info] 
=== Project Setup
[info] 
[info] First, let's associate this project directory with a Firebase project.
[info] You can create multiple project aliases by running firebase use --add, 
[info] but for now we'll just set up a default project.
[info] 
[debug] [2025-05-21T16:29:02.935Z] Checked if tokens are valid: true, expires at: 1747848020316
[debug] [2025-05-21T16:29:02.935Z] Checked if tokens are valid: true, expires at: 1747848020316
[debug] [2025-05-21T16:29:02.937Z] >>> [apiv2][query] GET https://firebase.googleapis.com/v1beta1/availableProjects pageSize=100
[debug] [2025-05-21T16:29:03.992Z] <<< [apiv2][status] GET https://firebase.googleapis.com/v1beta1/availableProjects 200
[debug] [2025-05-21T16:29:03.992Z] <<< [apiv2][body] GET https://firebase.googleapis.com/v1beta1/availableProjects [omitted]
[debug] [2025-05-21T16:40:00.929Z] ExitPromptError: User force closed the prompt with SIGINT
    at Interface.sigint (C:\Users\ederc\AppData\Roaming\npm\node_modules\firebase-tools\node_modules\@inquirer\core\dist\commonjs\lib\create-prompt.js:100:37)
    at Interface.emit (node:events:514:28)
    at Interface.emit (node:domain:488:12)
    at [_ttyWrite] [as _ttyWrite] (node:internal/readline/interface:1125:18)
    at ReadStream.onkeypress (node:internal/readline/interface:264:20)
    at ReadStream.emit (node:events:526:35)
    at ReadStream.emit (node:domain:488:12)
    at emitKeys (node:internal/readline/utils:371:14)
    at emitKeys.next (<anonymous>)
    at ReadStream.onData (node:internal/readline/emitKeypressEvents:64:36)
[error] 
[error] Error: An unexpected error has occurred.
